<?xml version="1.0" encoding="UTF-8"?>
<testng-results ignored="0" total="1" passed="1" failed="0" skipped="0">
  <reporter-output>
  </reporter-output>
  <suite started-at="2022-12-09T01:11:35 CST" name="Default suite" finished-at="2022-12-09T01:11:35 CST" duration-ms="44">
    <groups>
    </groups>
    <test started-at="2022-12-09T01:11:35 CST" name="Default test" finished-at="2022-12-09T01:11:35 CST" duration-ms="44">
      <class name="JavaStreamAutomate.JavaStream">
        <test-method signature="streamCollect()[pri:0, instance:JavaStreamAutomate.JavaStream@2f7c2f4f]" started-at="2022-12-09T01:11:35 CST" name="streamCollect" finished-at="2022-12-09T01:11:35 CST" duration-ms="10" status="PASS">
          <reporter-output>
          </reporter-output>
        </test-method> <!-- streamCollect -->
      </class> <!-- JavaStreamAutomate.JavaStream -->
    </test> <!-- Default test -->
  </suite> <!-- Default suite -->
</testng-results>
